<?xml version="1.0" encoding="UTF-8"?>
<testsuite xmlns:xsi="http://www.w3.org/2001/XMLSchema-instance" xsi:noNamespaceSchemaLocation="https://maven.apache.org/surefire/maven-surefire-plugin/xsd/surefire-test-report-3.0.xsd" version="3.0" name="edu.java.scrapper.client.ClientTests" time="10.049" tests="2" errors="1" skipped="0" failures="1">
  <properties>
[...]
</properties>
  <testcase name="testGitHubClient" classname="edu.java.scrapper.client.ClientTests" time="2.654">
    <error message="404 Not Found from GET https://api.github.com/repos/test-owner/test-repo" type="org.springframework.web.reactive.function.client.WebClientResponseException$NotFound"><![CDATA[org.springframework.web.reactive.function.client.WebClientResponseException$NotFound: 404 Not Found from GET https://api.github.com/repos/test-owner/test-repo
	at org.springframework.web.reactive.function.client.WebClientResponseException.create(WebClientResponseException.java:310)
	Suppressed: The stacktrace has been enhanced by Reactor, refer to additional information below: 
Error has been observed at the following site(s):
	*__checkpoint ⇢ 404 NOT_FOUND from GET https://api.github.com/repos/test-owner/test-repo [DefaultWebClient]
Original Stack Trace:
		at org.springframework.web.reactive.function.client.WebClientResponseException.create(WebClientResponseException.java:310)
		at org.springframework.web.reactive.function.client.DefaultClientResponse.lambda$createException$1(DefaultClientResponse.java:214)
		at reactor.core.publisher.FluxMap$MapSubscriber.onNext(FluxMap.java:106)
		at reactor.core.publisher.FluxOnErrorReturn$ReturnSubscriber.onNext(FluxOnErrorReturn.java:162)
		at reactor.core.publisher.FluxDefaultIfEmpty$DefaultIfEmptySubscriber.onNext(FluxDefaultIfEmpty.java:122)
		at reactor.core.publisher.FluxMapFuseable$MapFuseableSubscriber.onNext(FluxMapFuseable.java:129)
		at reactor.core.publisher.FluxContextWrite$ContextWriteSubscriber.onNext(FluxContextWrite.java:107)
		at reactor.core.publisher.FluxMapFuseable$MapFuseableConditionalSubscriber.onNext(FluxMapFuseable.java:299)
		at reactor.core.publisher.FluxFilterFuseable$FilterFuseableConditionalSubscriber.onNext(FluxFilterFuseable.java:337)
		at reactor.core.publisher.Operators$BaseFluxToMonoOperator.completePossiblyEmpty(Operators.java:2097)
		at reactor.core.publisher.MonoCollect$CollectSubscriber.onComplete(MonoCollect.java:145)
		at reactor.core.publisher.FluxMap$MapSubscriber.onComplete(FluxMap.java:144)
		at reactor.core.publisher.FluxPeek$PeekSubscriber.onComplete(FluxPeek.java:260)
		at reactor.core.publisher.FluxMap$MapSubscriber.onComplete(FluxMap.java:144)
		at reactor.netty.channel.FluxReceive.onInboundComplete(FluxReceive.java:415)
		at reactor.netty.channel.ChannelOperations.onInboundComplete(ChannelOperations.java:446)
		at reactor.netty.channel.ChannelOperations.terminate(ChannelOperations.java:500)
		at reactor.netty.http.client.HttpClientOperations.onInboundNext(HttpClientOperations.java:782)
		at reactor.netty.channel.ChannelOperationsHandler.channelRead(ChannelOperationsHandler.java:114)
		at io.netty.channel.AbstractChannelHandlerContext.invokeChannelRead(AbstractChannelHandlerContext.java:444)
		at io.netty.channel.AbstractChannelHandlerContext.invokeChannelRead(AbstractChannelHandlerContext.java:420)
		at io.netty.channel.AbstractChannelHandlerContext.fireChannelRead(AbstractChannelHandlerContext.java:412)
		at io.netty.handler.codec.MessageToMessageDecoder.channelRead(MessageToMessageDecoder.java:103)
		at io.netty.channel.AbstractChannelHandlerContext.invokeChannelRead(AbstractChannelHandlerContext.java:444)
		at io.netty.channel.AbstractChannelHandlerContext.invokeChannelRead(AbstractChannelHandlerContext.java:420)
		at io.netty.channel.AbstractChannelHandlerContext.fireChannelRead(AbstractChannelHandlerContext.java:412)
		at io.netty.channel.CombinedChannelDuplexHandler$DelegatingChannelHandlerContext.fireChannelRead(CombinedChannelDuplexHandler.java:436)
		at io.netty.handler.codec.ByteToMessageDecoder.fireChannelRead(ByteToMessageDecoder.java:346)
		at io.netty.handler.codec.ByteToMessageDecoder.channelRead(ByteToMessageDecoder.java:318)
		at io.netty.channel.CombinedChannelDuplexHandler.channelRead(CombinedChannelDuplexHandler.java:251)
		at io.netty.channel.AbstractChannelHandlerContext.invokeChannelRead(AbstractChannelHandlerContext.java:442)
		at io.netty.channel.AbstractChannelHandlerContext.invokeChannelRead(AbstractChannelHandlerContext.java:420)
		at io.netty.channel.AbstractChannelHandlerContext.fireChannelRead(AbstractChannelHandlerContext.java:412)
		at io.netty.handler.ssl.SslHandler.unwrap(SslHandler.java:1475)
		at io.netty.handler.ssl.SslHandler.decodeJdkCompatible(SslHandler.java:1338)
		at io.netty.handler.ssl.SslHandler.decode(SslHandler.java:1387)
		at io.netty.handler.codec.ByteToMessageDecoder.decodeRemovalReentryProtection(ByteToMessageDecoder.java:529)
		at io.netty.handler.codec.ByteToMessageDecoder.callDecode(ByteToMessageDecoder.java:468)
		at io.netty.handler.codec.ByteToMessageDecoder.channelRead(ByteToMessageDecoder.java:290)
		at io.netty.channel.AbstractChannelHandlerContext.invokeChannelRead(AbstractChannelHandlerContext.java:444)
		at io.netty.channel.AbstractChannelHandlerContext.invokeChannelRead(AbstractChannelHandlerContext.java:420)
		at io.netty.channel.AbstractChannelHandlerContext.fireChannelRead(AbstractChannelHandlerContext.java:412)
		at io.netty.channel.DefaultChannelPipeline$HeadContext.channelRead(DefaultChannelPipeline.java:1410)
		at io.netty.channel.AbstractChannelHandlerContext.invokeChannelRead(AbstractChannelHandlerContext.java:440)
		at io.netty.channel.AbstractChannelHandlerContext.invokeChannelRead(AbstractChannelHandlerContext.java:420)
		at io.netty.channel.DefaultChannelPipeline.fireChannelRead(DefaultChannelPipeline.java:919)
		at io.netty.channel.epoll.AbstractEpollStreamChannel$EpollStreamUnsafe.epollInReady(AbstractEpollStreamChannel.java:800)
		at io.netty.channel.epoll.EpollEventLoop.processReady(EpollEventLoop.java:509)
		at io.netty.channel.epoll.EpollEventLoop.run(EpollEventLoop.java:407)
		at io.netty.util.concurrent.SingleThreadEventExecutor$4.run(SingleThreadEventExecutor.java:997)
		at io.netty.util.internal.ThreadExecutorMap$2.run(ThreadExecutorMap.java:74)
		at io.netty.util.concurrent.FastThreadLocalRunnable.run(FastThreadLocalRunnable.java:30)
		at java.base/java.lang.Thread.run(Thread.java:840)
	Suppressed: java.lang.Exception: #block terminated with an error
		at reactor.core.publisher.BlockingSingleSubscriber.blockingGet(BlockingSingleSubscriber.java:103)
		at reactor.core.publisher.Mono.block(Mono.java:1728)
		at edu.java.scrapper.client.ClientTests.testGitHubClient(ClientTests.java:41)
		at java.base/java.lang.reflect.Method.invoke(Method.java:569)
		at java.base/java.util.ArrayList.forEach(ArrayList.java:1511)
		at java.base/java.util.ArrayList.forEach(ArrayList.java:1511)
]]></error>
    <system-out><![CDATA[17:00:52.957 [main] INFO org.springframework.test.context.support.AnnotationConfigContextLoaderUtils -- Could not detect default configuration classes for test class [edu.java.scrapper.client.ClientTests]: ClientTests does not declare any static, non-private, non-final, nested classes annotated with @Configuration.
17:00:53.244 [main] INFO org.springframework.boot.test.context.SpringBootTestContextBootstrapper -- Found @SpringBootConfiguration edu.java.scrapper.ScrapperApplication for test class edu.java.scrapper.client.ClientTests
17:00:53.597 [main] INFO org.springframework.boot.devtools.restart.RestartApplicationListener -- Restart disabled due to context in which it is running
17:00:52,584 |-INFO in ch.qos.logback.classic.LoggerContext[default] - This is logback-classic version 1.4.14
17:00:52,589 |-INFO in ch.qos.logback.classic.util.ContextInitializer@67e77f52 - Here is a list of configurators discovered as a service, by rank: 
17:00:52,589 |-INFO in ch.qos.logback.classic.util.ContextInitializer@67e77f52 -   org.springframework.boot.logging.logback.RootLogLevelConfigurator
17:00:52,589 |-INFO in ch.qos.logback.classic.util.ContextInitializer@67e77f52 - They will be invoked in order until ExecutionStatus.DO_NOT_INVOKE_NEXT_IF_ANY is returned.
17:00:52,589 |-INFO in ch.qos.logback.classic.util.ContextInitializer@67e77f52 - Constructed configurator of type class org.springframework.boot.logging.logback.RootLogLevelConfigurator
17:00:52,600 |-INFO in ch.qos.logback.classic.util.ContextInitializer@67e77f52 - org.springframework.boot.logging.logback.RootLogLevelConfigurator.configure() call lasted 0 milliseconds. ExecutionStatus=INVOKE_NEXT_IF_ANY
17:00:52,600 |-INFO in ch.qos.logback.classic.util.ContextInitializer@67e77f52 - Trying to configure with ch.qos.logback.classic.joran.SerializedModelConfigurator
17:00:52,602 |-INFO in ch.qos.logback.classic.util.ContextInitializer@67e77f52 - Constructed configurator of type class ch.qos.logback.classic.joran.SerializedModelConfigurator
17:00:52,606 |-INFO in ch.qos.logback.classic.LoggerContext[default] - Could NOT find resource [logback-test.scmo]
17:00:52,606 |-INFO in ch.qos.logback.classic.LoggerContext[default] - Could NOT find resource [logback.scmo]
17:00:52,607 |-INFO in ch.qos.logback.classic.util.ContextInitializer@67e77f52 - ch.qos.logback.classic.joran.SerializedModelConfigurator.configure() call lasted 4 milliseconds. ExecutionStatus=INVOKE_NEXT_IF_ANY
17:00:52,607 |-INFO in ch.qos.logback.classic.util.ContextInitializer@67e77f52 - Trying to configure with ch.qos.logback.classic.util.DefaultJoranConfigurator
17:00:52,609 |-INFO in ch.qos.logback.classic.util.ContextInitializer@67e77f52 - Constructed configurator of type class ch.qos.logback.classic.util.DefaultJoranConfigurator
17:00:52,610 |-INFO in ch.qos.logback.classic.LoggerContext[default] - Could NOT find resource [logback-test.xml]
17:00:52,610 |-INFO in ch.qos.logback.classic.LoggerContext[default] - Could NOT find resource [logback.xml]
17:00:52,610 |-INFO in ch.qos.logback.classic.util.ContextInitializer@67e77f52 - ch.qos.logback.classic.util.DefaultJoranConfigurator.configure() call lasted 1 milliseconds. ExecutionStatus=INVOKE_NEXT_IF_ANY
17:00:52,610 |-INFO in ch.qos.logback.classic.util.ContextInitializer@67e77f52 - Trying to configure with ch.qos.logback.classic.BasicConfigurator
17:00:52,612 |-INFO in ch.qos.logback.classic.util.ContextInitializer@67e77f52 - Constructed configurator of type class ch.qos.logback.classic.BasicConfigurator
17:00:52,612 |-INFO in ch.qos.logback.classic.BasicConfigurator@7ead1d80 - Setting up default configuration.
17:00:52,634 |-INFO in ch.qos.logback.classic.util.ContextInitializer@67e77f52 - ch.qos.logback.classic.BasicConfigurator.configure() call lasted 22 milliseconds. ExecutionStatus=NEUTRAL
17:00:54,133 |-WARN in ch.qos.logback.core.model.processor.ImplicitModelHandler - Ignoring unknown property [Appenders] in [ch.qos.logback.classic.LoggerContext]
17:00:54,133 |-WARN in ch.qos.logback.core.model.processor.ImplicitModelHandler - Ignoring unknown property [Loggers] in [ch.qos.logback.classic.LoggerContext]
17:00:54,134 |-INFO in ch.qos.logback.core.model.processor.DefaultProcessor@1d1bf7bf - End of configuration.
17:00:54,134 |-INFO in org.springframework.boot.logging.logback.SpringBootJoranConfigurator@1182413a - Registering current configuration as safe fallback point


  .   ____          _            __ _ _
 /\\ / ___'_ __ _ _(_)_ __  __ _ \ \ \ \
( ( )\___ | '_ | '_| | '_ \/ _` | \ \ \ \
 \\/  ___)| |_)| | | | | || (_| |  ) ) ) )
  '  |____| .__|_| |_|_| |_\__, | / / / /
 =========|_|==============|___/=/_/_/_/
 :: Spring Boot ::                (v3.2.2)

]]></system-out>
  </testcase>
  <testcase name="testStackOverflowClient" classname="edu.java.scrapper.client.ClientTests" time="0.991">
    <failure message="&#10;expected: &quot;Test question&quot;&#10; but was: &quot;Java lib or app to convert CSV to XML file?&quot;" type="org.opentest4j.AssertionFailedError"><![CDATA[org.opentest4j.AssertionFailedError: 

expected: "Test question"
 but was: "Java lib or app to convert CSV to XML file?"
	at java.base/jdk.internal.reflect.NativeConstructorAccessorImpl.newInstance0(Native Method)
	at java.base/jdk.internal.reflect.NativeConstructorAccessorImpl.newInstance(NativeConstructorAccessorImpl.java:77)
	at java.base/jdk.internal.reflect.DelegatingConstructorAccessorImpl.newInstance(DelegatingConstructorAccessorImpl.java:45)
	at java.base/java.lang.reflect.Constructor.newInstanceWithCaller(Constructor.java:500)
	at edu.java.scrapper.client.ClientTests.testStackOverflowClient(ClientTests.java:65)
	at java.base/java.lang.reflect.Method.invoke(Method.java:569)
	at java.base/java.util.ArrayList.forEach(ArrayList.java:1511)
	at java.base/java.util.ArrayList.forEach(ArrayList.java:1511)
]]></failure>
  </testcase>
</testsuite>